<?xml version="1.0" encoding="UTF-8"?>
<!-- Generated by org.testng.reporters.JUnitReportReporter -->
<testsuite hostname="Omar" failures="0" tests="4" name="FourthTest" time="16.976" errors="0" timestamp="2024-10-28T15:34:19 GMT+03:00" skipped="1">
  <testcase classname="FourthTest" name="signup" time="8.542"/>
  <system-out/>
  <testcase classname="FourthTest" name="Logout" time="2.581"/>
  <system-out/>
  <testcase classname="FourthTest" name="Login" time="5.853"/>
  <system-out/>
  <testcase classname="FourthTest" name="AddtoCart">
    <skipped/>
  </testcase> <!-- AddtoCart -->
  <system-out/>
</testsuite> <!-- FourthTest -->
